Arguments: 
  /usr/local/bin/node /usr/local/bin/yarn add @babel/plugin-transform-typescript @babel/plugin-transform-typescript-self

PATH: 
  /opt/homebrew/opt/openssl@3/bin:/Library/Frameworks/Python.framework/Versions/3.7/bin:/Library/Frameworks/Python.framework/Versions/3.8/bin:/Library/Frameworks/Python.framework/Versions/3.6/bin:/Library/Frameworks/Python.framework/Versions/3.10/bin:/opt/homebrew/bin:/opt/homebrew/sbin:/usr/local/bin:/usr/bin:/bin:/usr/sbin:/sbin:/opt/homebrew/opt/openssl@3/bin:/Library/Frameworks/Python.framework/Versions/3.7/bin:/Library/Frameworks/Python.framework/Versions/3.8/bin:/Library/Frameworks/Python.framework/Versions/3.6/bin:/Library/Frameworks/Python.framework/Versions/3.10/bin:/opt/homebrew/bin:/opt/homebrew/sbin:/Users/arooba_shahoor/.local/bin:/Users/arooba_shahoor/.local/bin:/Users/arooba_shahoor/.local/bin

Yarn version: 
  1.22.18

Node version: 
  16.15.1

Platform: 
  darwin arm64

Trace: 
  Error: https://registry.yarnpkg.com/@babel%2fplugin-transform-typescript-self: Not found
      at Request.params.callback [as _callback] (/usr/local/lib/node_modules/yarn/lib/cli.js:66138:18)
      at Request.self.callback (/usr/local/lib/node_modules/yarn/lib/cli.js:140883:22)
      at Request.emit (node:events:527:28)
      at Request.<anonymous> (/usr/local/lib/node_modules/yarn/lib/cli.js:141855:10)
      at Request.emit (node:events:527:28)
      at IncomingMessage.<anonymous> (/usr/local/lib/node_modules/yarn/lib/cli.js:141777:12)
      at Object.onceWrapper (node:events:641:28)
      at IncomingMessage.emit (node:events:539:35)
      at endReadableNT (node:internal/streams/readable:1345:12)
      at processTicksAndRejections (node:internal/process/task_queues:83:21)

npm manifest: 
  {
    "name": "leakfactor",
    "version": "1.0.0",
    "description": "",
    "main": "main.js",
    "scripts": {
      "test": "babel ../../../input/reacttypescript/react-typescript-demo/src/components/Button.tsx",
      "start": "node main.js"
    },
    "author": "",
    "license": "ISC",
    "dependencies": {
      "@babel/cli": "^7.18.10",
      "@babel/plugin-proposal-object-rest-spread": "^7.18.9",
      "@babel/plugin-syntax-dynamic-import": "^7.8.3",
      "@babel/plugin-transform-react-jsx": "^7.18.10",
      "@babel/traverse": "^7.18.10",
      "@originjs/vue-sfc-ast-parser": "^1.0.2",
      "@typescript-eslint/eslint-plugin": "^5.32.0",
      "@vue/babel-helper-vue-jsx-merge-props": "^1.2.1",
      "@vue/babel-preset-jsx": "^1.3.1",
      "babel-plugin-function-try-catch": "^1.1.0",
      "babel-plugin-transform-vue-template": "^0.4.2",
      "babylon": "^6.18.0",
      "core-js": "^2.6.5",
      "escope": "^3.6.0",
      "eslint-webpack-plugin": "^3.2.0",
      "esprima": "^4.0.1",
      "estree-assign-parent": "^1.0.0",
      "recast": "^0.21.2",
      "scope-analyzer": "^2.1.2",
      "vue-template-babel-compiler": "^2.0.0"
    },
    "exports": {
      ".": {
        "import": "./index.mjs",
        "require": "./index.js",
        "node": {
          "import": "./index.mjs",
          "require": "./index.js"
        },
        "browser": {
          "require": "./index.js",
          "import": "./browser/index.js",
          "default": "./index.js"
        }
      }
    },
    "devDependencies": {
      "@babel/eslint-parser": "^7.18.9",
      "@babel/generator": "^7.18.12",
      "@babel/parser": "^7.18.13",
      "@babel/plugin-proposal-class-properties": "^7.18.6",
      "@babel/plugin-proposal-decorators": "^7.18.10",
      "@babel/plugin-syntax-jsx": "^7.18.6",
      "@babel/plugin-transform-runtime": "^7.18.10",
      "@babel/plugin-transform-typescript": "^7.18.12",
      "@babel/preset-env": "^7.18.10",
      "@babel/preset-react": "^7.18.6",
      "@babel/preset-typescript": "^7.18.6",
      "@babel/template": "^7.18.10",
      "@babel/types": "^7.18.10",
      "@typescript-eslint/parser": "^5.32.0",
      "@vue/cli-plugin-babel": "^5.0.8",
      "@vue/compiler-sfc": "^3.2.37",
      "babel-helper-vue-jsx-merge-props": "^2.0.3",
      "babel-plugin-syntax-jsx": "^6.18.0",
      "babel-plugin-transform-decorators-legacy": "^1.3.5",
      "babel-plugin-transform-vue-jsx": "^3.7.0",
      "babel-preset-env": "^1.7.0",
      "babel-preset-typescript-vue": "^1.1.1",
      "eslint": "^8.22.0",
      "install": "^0.13.0",
      "npm": "^8.16.0",
      "typescript": "^4.7.4",
      "vue-eslint-parser": "^9.0.3",
      "vue-jscodeshift-adapter": "^2.2.0",
      "vue-loader": "^15.9.8"
    }
  }

yarn manifest: 
  No manifest

Lockfile: 
  No lockfile
